<?xml version="1.0" encoding="UTF-8"?>
<!-- Generated by org.testng.reporters.JUnitXMLReporter -->
<testsuite hostname="DESKTOP-7C88RL8" ignored="0" name="Test" tests="8" failures="0" timestamp="2020-05-04T12:57:03 BST" time="16.681" errors="0">
  <testcase name="CreatePortfolioTest" time="0.015" classname="com.core.ddf.testcases.PortFolioTest"/>
  <testcase name="DeletePortfolioTest" time="0.0" classname="com.core.ddf.testcases.PortFolioTest"/>
  <testcase name="AddStockTest" time="0.0" classname="com.core.ddf.testcases.AddDelStockTest"/>
  <testcase name="DeleteStockTest" time="0.0" classname="com.core.ddf.testcases.AddDelStockTest"/>
  <testcase name="BuyStockTest" time="0.0" classname="com.core.ddf.testcases.BuyOrSellStockTest"/>
  <testcase name="SellStockTest" time="0.016" classname="com.core.ddf.testcases.BuyOrSellStockTest"/>
  <testcase name="loginTest" time="16.253" classname="com.core.ddf.testcases.LoginTest"/>
  <testcase name="checkTransactionHistoryTest" time="0.0" classname="com.core.ddf.testcases.CheckTransactionHistoryTest"/>
</testsuite> <!-- Test -->
