<?xml version="1.0" encoding="UTF-8"?>
<!-- Generated by org.testng.reporters.JUnitXMLReporter -->
<testsuite hostname="DESKTOP-7C88RL8" ignored="0" name="Test" tests="8" failures="0" timestamp="2020-05-05T11:58:11 BST" time="17.796" errors="0">
  <testcase name="CreatePortfolioTest" time="0.011" classname="com.core.ddf.testcases.PortFolioTest"/>
  <testcase name="DeletePortfolioTest" time="0.004" classname="com.core.ddf.testcases.PortFolioTest"/>
  <testcase name="AddStockTest" time="0.001" classname="com.core.ddf.testcases.AddDelStockTest"/>
  <testcase name="DeleteStockTest" time="0.002" classname="com.core.ddf.testcases.AddDelStockTest"/>
  <testcase name="BuyStockTest" time="0.001" classname="com.core.ddf.testcases.BuyOrSellStockTest"/>
  <testcase name="SellStockTest" time="0.0" classname="com.core.ddf.testcases.BuyOrSellStockTest"/>
  <testcase name="loginTest" time="17.332" classname="com.core.ddf.testcases.LoginTest"/>
  <testcase name="checkTransactionHistoryTest" time="0.006" classname="com.core.ddf.testcases.CheckTransactionHistoryTest"/>
</testsuite> <!-- Test -->
